E:\ida 插件\ida_sync_obaby\ida_sync_client\IDA_SYNC_PLUGIN\Build\\Debug 32-bit\IDA_SYNC_PLUGIN.pdb
E:\IDA 插件\IDA_SYNC_OBABY\IDA_SYNC_CLIENT\IDA_SYNC_PLUGIN\BUILD\DEBUG 32-BIT\IDA_SYNC_PLUGIN.MPV
E:\IDA 插件\IDA_SYNC_OBABY\IDA_SYNC_CLIENT\IDA_SYNC_PLUGIN\BUILD\DEBUG 32-BIT\IDA_SYNC_PLUGIN.PDB
E:\ida 插件\ida_sync_obaby\ida_sync_client\IDA_SYNC_PLUGIN\Build\Debug 32-bit\IDA_SYNC_PLUGIN-6.1-d.exp
E:\IDA 插件\IDA_SYNC_OBABY\IDA_SYNC_CLIENT\IDA_SYNC_PLUGIN\BUILD\DEBUG 32-BIT\IDA_SYNC_PLUGIN-6.1-D.ILK
E:\ida 插件\ida_sync_obaby\ida_sync_client\IDA_SYNC_PLUGIN\Build\Debug 32-bit\IDA_SYNC_PLUGIN-6.1-d.lib
E:\IDA 插件\IDA_SYNC_OBABY\IDA_SYNC_CLIENT\IDA_SYNC_PLUGIN\BUILD\DEBUG 32-BIT\IDA_SYNC_PLUGIN-6.1-D.PLW
E:\ida 插件\ida_sync_obaby\ida_sync_client\IDA_SYNC_PLUGIN\IDA_SYNC_PLUGIN\Build\Debug 32-bit\cl.command.1.tlog
E:\ida 插件\ida_sync_obaby\ida_sync_client\IDA_SYNC_PLUGIN\IDA_SYNC_PLUGIN\Build\Debug 32-bit\CL.read.1.tlog
E:\ida 插件\ida_sync_obaby\ida_sync_client\IDA_SYNC_PLUGIN\IDA_SYNC_PLUGIN\Build\Debug 32-bit\CL.write.1.tlog
E:\IDA 插件\IDA_SYNC_OBABY\IDA_SYNC_CLIENT\IDA_SYNC_PLUGIN\IDA_SYNC_PLUGIN\BUILD\DEBUG 32-BIT\IDA_SYNC_PLUGIN.OBJ
E:\IDA 插件\IDA_SYNC_OBABY\IDA_SYNC_CLIENT\IDA_SYNC_PLUGIN\IDA_SYNC_PLUGIN\BUILD\DEBUG 32-BIT\IDA_SYNC_PLUGIN.RES
E:\ida 插件\ida_sync_obaby\ida_sync_client\IDA_SYNC_PLUGIN\IDA_SYNC_PLUGIN\Build\Debug 32-bit\IDA_SYNC_PLUGIN.write.1.tlog
E:\ida 插件\ida_sync_obaby\ida_sync_client\IDA_SYNC_PLUGIN\IDA_SYNC_PLUGIN\Build\Debug 32-bit\link.command.1.tlog
E:\ida 插件\ida_sync_obaby\ida_sync_client\IDA_SYNC_PLUGIN\IDA_SYNC_PLUGIN\Build\Debug 32-bit\link.read.1.tlog
E:\ida 插件\ida_sync_obaby\ida_sync_client\IDA_SYNC_PLUGIN\IDA_SYNC_PLUGIN\Build\Debug 32-bit\link.write.1.tlog
E:\ida 插件\ida_sync_obaby\ida_sync_client\IDA_SYNC_PLUGIN\IDA_SYNC_PLUGIN\Build\Debug 32-bit\link-cvtres.read.1.tlog
E:\ida 插件\ida_sync_obaby\ida_sync_client\IDA_SYNC_PLUGIN\IDA_SYNC_PLUGIN\Build\Debug 32-bit\link-cvtres.write.1.tlog
E:\ida 插件\ida_sync_obaby\ida_sync_client\IDA_SYNC_PLUGIN\IDA_SYNC_PLUGIN\Build\Debug 32-bit\rc.command.1.tlog
E:\ida 插件\ida_sync_obaby\ida_sync_client\IDA_SYNC_PLUGIN\IDA_SYNC_PLUGIN\Build\Debug 32-bit\rc.read.1.tlog
E:\ida 插件\ida_sync_obaby\ida_sync_client\IDA_SYNC_PLUGIN\IDA_SYNC_PLUGIN\Build\Debug 32-bit\rc.write.1.tlog
E:\ida 插件\ida_sync_obaby\ida_sync_client\IDA_SYNC_PLUGIN\IDA_SYNC_PLUGIN\Build\Debug 32-bit\vc100.idb
E:\IDA 插件\IDA_SYNC_OBABY\IDA_SYNC_CLIENT\IDA_SYNC_PLUGIN\IDA_SYNC_PLUGIN\BUILD\DEBUG 32-BIT\VC100.PDB
